[debug] [2025-11-23T14:04:48.308Z] ----------------------------------------------------------------------
[debug] [2025-11-23T14:04:48.310Z] Command:       C:\Program Files\nodejs\node.exe C:\Users\basti\AppData\Roaming\npm\node_modules\firebase-tools\lib\bin\firebase.js init
[debug] [2025-11-23T14:04:48.311Z] CLI Version:   14.26.0
[debug] [2025-11-23T14:04:48.311Z] Platform:      win32
[debug] [2025-11-23T14:04:48.311Z] Node Version:  v22.20.0
[debug] [2025-11-23T14:04:48.311Z] Time:          Sun Nov 23 2025 11:04:48 GMT-0300 (hora de verano de Chile)
[debug] [2025-11-23T14:04:48.311Z] ----------------------------------------------------------------------
[debug] 
[info] 
     ######## #### ########  ######## ########     ###     ######  ########
     ##        ##  ##     ## ##       ##     ##  ##   ##  ##       ##
     ######    ##  ########  ######   ########  #########  ######  ######
     ##        ##  ##    ##  ##       ##     ## ##     ##       ## ##
     ##       #### ##     ## ######## ########  ##     ##  ######  ########

You're about to initialize a Firebase project in this directory:

  C:\Users\basti\OneDrive\Escritorio\usagi-vite+react

[info] 
=== Project Setup
[info] 
[info] First, let's associate this project directory with a Firebase project.
[info] You can create multiple project aliases by running firebase use --add, 
[info] 
[debug] [2025-11-23T14:06:45.260Z] > command requires scopes: ["email","openid","https://www.googleapis.com/auth/cloudplatformprojects.readonly","https://www.googleapis.com/auth/firebase","https://www.googleapis.com/auth/cloud-platform"]
[debug] [2025-11-23T14:06:45.260Z] > authorizing via signed-in user (ba.perezf@duocuc.cl)
[debug] [2025-11-23T14:06:45.261Z] Checked if tokens are valid: true, expires at: 1763910247108
[debug] [2025-11-23T14:06:45.261Z] Checked if tokens are valid: true, expires at: 1763910247108
[debug] [2025-11-23T14:06:45.262Z] >>> [apiv2][query] GET https://firebase.googleapis.com/v1beta1/projects pageSize=100
[debug] [2025-11-23T14:06:45.847Z] <<< [apiv2][status] GET https://firebase.googleapis.com/v1beta1/projects 200
[debug] [2025-11-23T14:06:45.847Z] <<< [apiv2][body] GET https://firebase.googleapis.com/v1beta1/projects [omitted]
[info] 
=== Hosting Setup
[debug] [2025-11-23T14:07:05.241Z] Checked if tokens are valid: true, expires at: 1763910247108
[debug] [2025-11-23T14:07:05.241Z] Checked if tokens are valid: true, expires at: 1763910247108
[debug] [2025-11-23T14:07:05.241Z] >>> [apiv2][query] GET https://firebase.googleapis.com/v1beta1/projects/usagi-vite-react [none]
[debug] [2025-11-23T14:07:05.541Z] <<< [apiv2][status] GET https://firebase.googleapis.com/v1beta1/projects/usagi-vite-react 200
[debug] [2025-11-23T14:07:05.541Z] <<< [apiv2][body] GET https://firebase.googleapis.com/v1beta1/projects/usagi-vite-react {"projectId":"usagi-vite-react","projectNumber":"524440596376","displayName":"usagi-vite-react","name":"projects/usagi-vite-react","resources":{"hostingSite":"usagi-vite-react"},"state":"ACTIVE","etag":"1_b150ae48-ecc6-4d2c-a1b7-f1d16f51fd38"}
[info] 
[info] Your public directory is the folder (relative to your project directory) that
[info] will contain Hosting assets to be uploaded with firebase deploy. If you
[info] have a build process for your assets, use your build's output directory.
[info] 
[debug] [2025-11-23T14:08:10.787Z] ExitPromptError: User force closed the prompt with SIGINT
    at Interface.sigint (C:\Users\basti\AppData\Roaming\npm\node_modules\firebase-tools\node_modules\@inquirer\core\dist\commonjs\lib\create-prompt.js:101:37)
    at Interface.emit (node:events:519:28)
    at Interface.emit (node:domain:489:12)
    at [_ttyWrite] [as _ttyWrite] (node:internal/readline/interface:1128:18)
    at ReadStream.onkeypress (node:internal/readline/interface:271:20)
    at ReadStream.emit (node:events:531:35)
    at ReadStream.emit (node:domain:489:12)
    at emitKeys (node:internal/readline/utils:370:14)
    at emitKeys.next (<anonymous>)
    at ReadStream.onData (node:internal/readline/emitKeypressEvents:64:36)
[error] 
[error] Error: An unexpected error has occurred.
